<?xml version="1.0" encoding="UTF-8"?>
<!-- Generated by org.testng.reporters.JUnitXMLReporter -->
<testsuite hostname="Home-PC" ignored="0" name="crossbrowser1" tests="3" failures="2" timestamp="04 Dec 2019 18:19:14 GMT" time="35.408" errors="0">
  <testcase name="loginUser" time="10.676" classname="com.test2plugs.testcases.Tc_001_login"/>
  <testcase name="loginUserdata" time="7.625" classname="com.test2plugs.testcases.Tc_002_loginDDT">
    <failure type="java.lang.AssertionError" message="expected [true] but found [false]">
      <![CDATA[java.lang.AssertionError: expected [true] but found [false]
at com.test2plugs.testcases.Tc_002_loginDDT.loginUserdata(Tc_002_loginDDT.java:48)
... Removed 29 stack frames]]>
    </failure>
  </testcase> <!-- loginUserdata -->
  <testcase name="loginUserdata" time="8.865" classname="com.test2plugs.testcases.Tc_002_loginDDT">
    <failure type="java.lang.NullPointerException">
      <![CDATA[java.lang.NullPointerException
at java.io.File.<init>(Unknown Source)
at com.test2plugs.utilities.Listener.onTestFailure(Listener.java:59)
... Removed 22 stack frames]]>
    </failure>
  </testcase> <!-- loginUserdata -->
</testsuite> <!-- crossbrowser1 -->
