<?xml version="1.0" encoding="UTF-8"?>
<!-- Generated by org.testng.reporters.JUnitXMLReporter -->
<testsuite hostname="Home-PC" ignored="0" name="crossbrowser1" tests="7" failures="0" timestamp="05 Dec 2019 18:23:10 GMT" time="103.891" errors="0">
  <testcase name="loginUser" time="9.443" classname="com.test2plugs.testcases.Tc_001_login"/>
  <testcase name="loginUserdata" time="7.52" classname="com.test2plugs.testcases.Tc_002_loginDDT"/>
  <testcase name="loginUserdata" time="6.091" classname="com.test2plugs.testcases.Tc_002_loginDDT"/>
  <testcase name="loginUserdata" time="6.163" classname="com.test2plugs.testcases.Tc_002_loginDDT"/>
  <testcase name="loginUserdata" time="6.168" classname="com.test2plugs.testcases.Tc_002_loginDDT"/>
  <testcase name="loginUserdata" time="6.026" classname="com.test2plugs.testcases.Tc_002_loginDDT"/>
  <testcase name="addService" time="44.808" classname="com.test2plugs.testcases.Tc_005_addservice"/>
</testsuite> <!-- crossbrowser1 -->
