<?xml version="1.0" encoding="UTF-8"?>
<testng-results skipped="0" failed="0" ignored="0" total="7" passed="7">
  <reporter-output>
  </reporter-output>
  <suite name="test2plug" duration-ms="104926" started-at="2019-12-04T18:59:47Z" finished-at="2019-12-04T19:01:32Z">
    <groups>
    </groups>
    <test name="crossbrowser1" duration-ms="104193" started-at="2019-12-04T18:59:47Z" finished-at="2019-12-04T19:01:32Z">
      <class name="com.test2plugs.testcases.Tc_002_loginDDT">
        <test-method status="PASS" signature="setup(java.lang.String)[pri:0, instance:com.test2plugs.testcases.Tc_002_loginDDT@1554909b]" name="setup" is-config="true" duration-ms="2355" started-at="2019-12-04T19:00:05Z" finished-at="2019-12-04T19:00:08Z">
          <params>
            <param index="0">
              <value>
                <![CDATA[chrome]]>
              </value>
            </param>
          </params>
          <reporter-output>
          </reporter-output>
        </test-method> <!-- setup -->
        <test-method status="PASS" signature="loginUserdata(java.lang.String, java.lang.String)[pri:0, instance:com.test2plugs.testcases.Tc_002_loginDDT@1554909b]" name="loginUserdata" duration-ms="7413" started-at="2019-12-04T19:00:09Z" data-provider="logindata" finished-at="2019-12-04T19:00:17Z">
          <params>
            <param index="0">
              <value>
                <![CDATA[polaris1]]>
              </value>
            </param>
            <param index="1">
              <value>
                <![CDATA[test2plug]]>
              </value>
            </param>
          </params>
          <reporter-output>
          </reporter-output>
        </test-method> <!-- loginUserdata -->
        <test-method status="PASS" signature="loginUserdata(java.lang.String, java.lang.String)[pri:0, instance:com.test2plugs.testcases.Tc_002_loginDDT@1554909b]" name="loginUserdata" duration-ms="6291" started-at="2019-12-04T19:00:17Z" data-provider="logindata" finished-at="2019-12-04T19:00:23Z">
          <params>
            <param index="0">
              <value>
                <![CDATA[admin]]>
              </value>
            </param>
            <param index="1">
              <value>
                <![CDATA[test2plug]]>
              </value>
            </param>
          </params>
          <reporter-output>
          </reporter-output>
        </test-method> <!-- loginUserdata -->
        <test-method status="PASS" signature="loginUserdata(java.lang.String, java.lang.String)[pri:0, instance:com.test2plugs.testcases.Tc_002_loginDDT@1554909b]" name="loginUserdata" duration-ms="6187" started-at="2019-12-04T19:00:23Z" data-provider="logindata" finished-at="2019-12-04T19:00:29Z">
          <params>
            <param index="0">
              <value>
                <![CDATA[polaris]]>
              </value>
            </param>
            <param index="1">
              <value>
                <![CDATA[admin]]>
              </value>
            </param>
          </params>
          <reporter-output>
          </reporter-output>
        </test-method> <!-- loginUserdata -->
        <test-method status="PASS" signature="loginUserdata(java.lang.String, java.lang.String)[pri:0, instance:com.test2plugs.testcases.Tc_002_loginDDT@1554909b]" name="loginUserdata" duration-ms="6011" started-at="2019-12-04T19:00:29Z" data-provider="logindata" finished-at="2019-12-04T19:00:35Z">
          <params>
            <param index="0">
              <value>
                <![CDATA[asd@2]]>
              </value>
            </param>
            <param index="1">
              <value>
                <![CDATA[aa12345]]>
              </value>
            </param>
          </params>
          <reporter-output>
          </reporter-output>
        </test-method> <!-- loginUserdata -->
        <test-method status="PASS" signature="loginUserdata(java.lang.String, java.lang.String)[pri:0, instance:com.test2plugs.testcases.Tc_002_loginDDT@1554909b]" name="loginUserdata" duration-ms="6082" started-at="2019-12-04T19:00:35Z" data-provider="logindata" finished-at="2019-12-04T19:00:41Z">
          <params>
            <param index="0">
              <value>
                <![CDATA[]]>
              </value>
            </param>
            <param index="1">
              <value>
                <![CDATA[]]>
              </value>
            </param>
          </params>
          <reporter-output>
          </reporter-output>
        </test-method> <!-- loginUserdata -->
        <test-method status="PASS" signature="closeBrowser()[pri:0, instance:com.test2plugs.testcases.Tc_002_loginDDT@1554909b]" name="closeBrowser" is-config="true" duration-ms="781" started-at="2019-12-04T19:00:41Z" finished-at="2019-12-04T19:00:42Z">
          <reporter-output>
          </reporter-output>
        </test-method> <!-- closeBrowser -->
      </class> <!-- com.test2plugs.testcases.Tc_002_loginDDT -->
      <class name="com.test2plugs.testcases.Tc_005_addservice">
        <test-method status="PASS" signature="setup(java.lang.String)[pri:0, instance:com.test2plugs.testcases.Tc_005_addservice@6bf256fa]" name="setup" is-config="true" duration-ms="2820" started-at="2019-12-04T19:00:42Z" finished-at="2019-12-04T19:00:45Z">
          <params>
            <param index="0">
              <value>
                <![CDATA[chrome]]>
              </value>
            </param>
          </params>
          <reporter-output>
          </reporter-output>
        </test-method> <!-- setup -->
        <test-method status="PASS" signature="addService()[pri:0, instance:com.test2plugs.testcases.Tc_005_addservice@6bf256fa]" name="addService" duration-ms="45643" started-at="2019-12-04T19:00:45Z" finished-at="2019-12-04T19:01:30Z">
          <reporter-output>
          </reporter-output>
        </test-method> <!-- addService -->
        <test-method status="PASS" signature="closeBrowser()[pri:0, instance:com.test2plugs.testcases.Tc_005_addservice@6bf256fa]" name="closeBrowser" is-config="true" duration-ms="1296" started-at="2019-12-04T19:01:30Z" finished-at="2019-12-04T19:01:32Z">
          <reporter-output>
          </reporter-output>
        </test-method> <!-- closeBrowser -->
      </class> <!-- com.test2plugs.testcases.Tc_005_addservice -->
      <class name="com.test2plugs.testcases.Tc_001_login">
        <test-method status="PASS" signature="setup(java.lang.String)[pri:0, instance:com.test2plugs.testcases.Tc_001_login@6108b2d7]" name="setup" is-config="true" duration-ms="5533" started-at="2019-12-04T18:59:48Z" finished-at="2019-12-04T18:59:53Z">
          <params>
            <param index="0">
              <value>
                <![CDATA[chrome]]>
              </value>
            </param>
          </params>
          <reporter-output>
          </reporter-output>
        </test-method> <!-- setup -->
        <test-method status="PASS" signature="loginUser()[pri:0, instance:com.test2plugs.testcases.Tc_001_login@6108b2d7]" name="loginUser" duration-ms="10609" started-at="2019-12-04T18:59:53Z" finished-at="2019-12-04T19:00:04Z">
          <reporter-output>
          </reporter-output>
        </test-method> <!-- loginUser -->
        <test-method status="PASS" signature="closeBrowser()[pri:0, instance:com.test2plugs.testcases.Tc_001_login@6108b2d7]" name="closeBrowser" is-config="true" duration-ms="1393" started-at="2019-12-04T19:00:04Z" finished-at="2019-12-04T19:00:05Z">
          <reporter-output>
          </reporter-output>
        </test-method> <!-- closeBrowser -->
      </class> <!-- com.test2plugs.testcases.Tc_001_login -->
    </test> <!-- crossbrowser1 -->
    <test name="crossbrowser2" duration-ms="5" started-at="2019-12-04T19:01:32Z" finished-at="2019-12-04T19:01:32Z">
    </test> <!-- crossbrowser2 -->
  </suite> <!-- test2plug -->
</testng-results>
