<?xml version="1.0" encoding="UTF-8"?>
<!-- Generated by org.testng.reporters.JUnitXMLReporter -->
<testsuite hostname="Home-PC" ignored="0" name="crossbrowser1" tests="7" failures="0" timestamp="04 Dec 2019 19:01:32 GMT" time="104.193" errors="0">
  <testcase name="loginUser" time="10.609" classname="com.test2plugs.testcases.Tc_001_login"/>
  <testcase name="loginUserdata" time="7.413" classname="com.test2plugs.testcases.Tc_002_loginDDT"/>
  <testcase name="loginUserdata" time="6.291" classname="com.test2plugs.testcases.Tc_002_loginDDT"/>
  <testcase name="loginUserdata" time="6.187" classname="com.test2plugs.testcases.Tc_002_loginDDT"/>
  <testcase name="loginUserdata" time="6.011" classname="com.test2plugs.testcases.Tc_002_loginDDT"/>
  <testcase name="loginUserdata" time="6.082" classname="com.test2plugs.testcases.Tc_002_loginDDT"/>
  <testcase name="addService" time="45.643" classname="com.test2plugs.testcases.Tc_005_addservice"/>
</testsuite> <!-- crossbrowser1 -->
