<?xml version="1.0" encoding="UTF-8"?>
<testng-results skipped="0" failed="0" ignored="0" total="7" passed="7">
  <reporter-output>
  </reporter-output>
  <suite name="test2plug" duration-ms="104490" started-at="2019-12-05T18:21:26Z" finished-at="2019-12-05T18:23:11Z">
    <groups>
    </groups>
    <test name="crossbrowser1" duration-ms="103891" started-at="2019-12-05T18:21:26Z" finished-at="2019-12-05T18:23:10Z">
      <class name="com.test2plugs.testcases.Tc_002_loginDDT">
        <test-method status="PASS" signature="setup(java.lang.String)[pri:0, instance:com.test2plugs.testcases.Tc_002_loginDDT@4f7d0008]" name="setup" is-config="true" duration-ms="5048" started-at="2019-12-05T18:21:42Z" finished-at="2019-12-05T18:21:47Z">
          <params>
            <param index="0">
              <value>
                <![CDATA[chrome]]>
              </value>
            </param>
          </params>
          <reporter-output>
          </reporter-output>
        </test-method> <!-- setup -->
        <test-method status="PASS" signature="loginUserdata(java.lang.String, java.lang.String)[pri:0, instance:com.test2plugs.testcases.Tc_002_loginDDT@4f7d0008]" name="loginUserdata" duration-ms="7520" started-at="2019-12-05T18:21:48Z" data-provider="logindata" finished-at="2019-12-05T18:21:56Z">
          <params>
            <param index="0">
              <value>
                <![CDATA[polaris1]]>
              </value>
            </param>
            <param index="1">
              <value>
                <![CDATA[test2plug]]>
              </value>
            </param>
          </params>
          <reporter-output>
          </reporter-output>
        </test-method> <!-- loginUserdata -->
        <test-method status="PASS" signature="loginUserdata(java.lang.String, java.lang.String)[pri:0, instance:com.test2plugs.testcases.Tc_002_loginDDT@4f7d0008]" name="loginUserdata" duration-ms="6091" started-at="2019-12-05T18:21:56Z" data-provider="logindata" finished-at="2019-12-05T18:22:02Z">
          <params>
            <param index="0">
              <value>
                <![CDATA[admin]]>
              </value>
            </param>
            <param index="1">
              <value>
                <![CDATA[test2plug]]>
              </value>
            </param>
          </params>
          <reporter-output>
          </reporter-output>
        </test-method> <!-- loginUserdata -->
        <test-method status="PASS" signature="loginUserdata(java.lang.String, java.lang.String)[pri:0, instance:com.test2plugs.testcases.Tc_002_loginDDT@4f7d0008]" name="loginUserdata" duration-ms="6163" started-at="2019-12-05T18:22:02Z" data-provider="logindata" finished-at="2019-12-05T18:22:08Z">
          <params>
            <param index="0">
              <value>
                <![CDATA[polaris]]>
              </value>
            </param>
            <param index="1">
              <value>
                <![CDATA[admin]]>
              </value>
            </param>
          </params>
          <reporter-output>
          </reporter-output>
        </test-method> <!-- loginUserdata -->
        <test-method status="PASS" signature="loginUserdata(java.lang.String, java.lang.String)[pri:0, instance:com.test2plugs.testcases.Tc_002_loginDDT@4f7d0008]" name="loginUserdata" duration-ms="6168" started-at="2019-12-05T18:22:08Z" data-provider="logindata" finished-at="2019-12-05T18:22:14Z">
          <params>
            <param index="0">
              <value>
                <![CDATA[asd@2]]>
              </value>
            </param>
            <param index="1">
              <value>
                <![CDATA[aa12345]]>
              </value>
            </param>
          </params>
          <reporter-output>
          </reporter-output>
        </test-method> <!-- loginUserdata -->
        <test-method status="PASS" signature="loginUserdata(java.lang.String, java.lang.String)[pri:0, instance:com.test2plugs.testcases.Tc_002_loginDDT@4f7d0008]" name="loginUserdata" duration-ms="6026" started-at="2019-12-05T18:22:14Z" data-provider="logindata" finished-at="2019-12-05T18:22:20Z">
          <params>
            <param index="0">
              <value>
                <![CDATA[]]>
              </value>
            </param>
            <param index="1">
              <value>
                <![CDATA[]]>
              </value>
            </param>
          </params>
          <reporter-output>
          </reporter-output>
        </test-method> <!-- loginUserdata -->
        <test-method status="PASS" signature="closeBrowser()[pri:0, instance:com.test2plugs.testcases.Tc_002_loginDDT@4f7d0008]" name="closeBrowser" is-config="true" duration-ms="829" started-at="2019-12-05T18:22:20Z" finished-at="2019-12-05T18:22:21Z">
          <reporter-output>
          </reporter-output>
        </test-method> <!-- closeBrowser -->
      </class> <!-- com.test2plugs.testcases.Tc_002_loginDDT -->
      <class name="com.test2plugs.testcases.Tc_005_addservice">
        <test-method status="PASS" signature="setup(java.lang.String)[pri:0, instance:com.test2plugs.testcases.Tc_005_addservice@271053e1]" name="setup" is-config="true" duration-ms="2679" started-at="2019-12-05T18:22:21Z" finished-at="2019-12-05T18:22:24Z">
          <params>
            <param index="0">
              <value>
                <![CDATA[chrome]]>
              </value>
            </param>
          </params>
          <reporter-output>
          </reporter-output>
        </test-method> <!-- setup -->
        <test-method status="PASS" signature="addService()[pri:0, instance:com.test2plugs.testcases.Tc_005_addservice@271053e1]" name="addService" duration-ms="44808" started-at="2019-12-05T18:22:24Z" finished-at="2019-12-05T18:23:09Z">
          <reporter-output>
          </reporter-output>
        </test-method> <!-- addService -->
        <test-method status="PASS" signature="closeBrowser()[pri:0, instance:com.test2plugs.testcases.Tc_005_addservice@271053e1]" name="closeBrowser" is-config="true" duration-ms="1322" started-at="2019-12-05T18:23:09Z" finished-at="2019-12-05T18:23:10Z">
          <reporter-output>
          </reporter-output>
        </test-method> <!-- closeBrowser -->
      </class> <!-- com.test2plugs.testcases.Tc_005_addservice -->
      <class name="com.test2plugs.testcases.Tc_001_login">
        <test-method status="PASS" signature="setup(java.lang.String)[pri:0, instance:com.test2plugs.testcases.Tc_001_login@553f17c]" name="setup" is-config="true" duration-ms="5013" started-at="2019-12-05T18:21:27Z" finished-at="2019-12-05T18:21:32Z">
          <params>
            <param index="0">
              <value>
                <![CDATA[chrome]]>
              </value>
            </param>
          </params>
          <reporter-output>
          </reporter-output>
        </test-method> <!-- setup -->
        <test-method status="PASS" signature="loginUser()[pri:0, instance:com.test2plugs.testcases.Tc_001_login@553f17c]" name="loginUser" duration-ms="9443" started-at="2019-12-05T18:21:32Z" finished-at="2019-12-05T18:21:41Z">
          <reporter-output>
          </reporter-output>
        </test-method> <!-- loginUser -->
        <test-method status="PASS" signature="closeBrowser()[pri:0, instance:com.test2plugs.testcases.Tc_001_login@553f17c]" name="closeBrowser" is-config="true" duration-ms="870" started-at="2019-12-05T18:21:41Z" finished-at="2019-12-05T18:21:42Z">
          <reporter-output>
          </reporter-output>
        </test-method> <!-- closeBrowser -->
      </class> <!-- com.test2plugs.testcases.Tc_001_login -->
    </test> <!-- crossbrowser1 -->
    <test name="crossbrowser2" duration-ms="7" started-at="2019-12-05T18:23:11Z" finished-at="2019-12-05T18:23:11Z">
    </test> <!-- crossbrowser2 -->
  </suite> <!-- test2plug -->
</testng-results>
